Determining if the pthread_create exist failed with the following output:
Change Dir: /home/ygd/vsomeip/examples/service_client/build/CMakeFiles/CMakeTmp

Run Build Command:"/usr/bin/make" "cmTC_97892/fast"
/usr/bin/make -f CMakeFiles/cmTC_97892.dir/build.make CMakeFiles/cmTC_97892.dir/build
make[1]: 进入目录“/home/ygd/vsomeip/examples/service_client/build/CMakeFiles/CMakeTmp”
Building C object CMakeFiles/cmTC_97892.dir/CheckSymbolExists.c.o
/usr/bin/cc    -o CMakeFiles/cmTC_97892.dir/CheckSymbolExists.c.o   -c /home/ygd/vsomeip/examples/service_client/build/CMakeFiles/CMakeTmp/CheckSymbolExists.c
Linking C executable cmTC_97892
/usr/bin/cmake -E cmake_link_script CMakeFiles/cmTC_97892.dir/link.txt --verbose=1
/usr/bin/cc      -rdynamic CMakeFiles/cmTC_97892.dir/CheckSymbolExists.c.o  -o cmTC_97892 
CMakeFiles/cmTC_97892.dir/CheckSymbolExists.c.o：在函数‘main’中：
CheckSymbolExists.c:(.text+0x1b)：对‘pthread_create’未定义的引用
collect2: error: ld returned 1 exit status
CMakeFiles/cmTC_97892.dir/build.make:97: recipe for target 'cmTC_97892' failed
make[1]: *** [cmTC_97892] Error 1
make[1]: 离开目录“/home/ygd/vsomeip/examples/service_client/build/CMakeFiles/CMakeTmp”
Makefile:126: recipe for target 'cmTC_97892/fast' failed
make: *** [cmTC_97892/fast] Error 2

File /home/ygd/vsomeip/examples/service_client/build/CMakeFiles/CMakeTmp/CheckSymbolExists.c:
/* */
#include <pthread.h>

int main(int argc, char** argv)
{
  (void)argv;
#ifndef pthread_create
  return ((int*)(&pthread_create))[argc];
#else
  (void)argc;
  return 0;
#endif
}

Determining if the function pthread_create exists in the pthreads failed with the following output:
Change Dir: /home/ygd/vsomeip/examples/service_client/build/CMakeFiles/CMakeTmp

Run Build Command:"/usr/bin/make" "cmTC_5fb6a/fast"
/usr/bin/make -f CMakeFiles/cmTC_5fb6a.dir/build.make CMakeFiles/cmTC_5fb6a.dir/build
make[1]: 进入目录“/home/ygd/vsomeip/examples/service_client/build/CMakeFiles/CMakeTmp”
Building C object CMakeFiles/cmTC_5fb6a.dir/CheckFunctionExists.c.o
/usr/bin/cc   -DCHECK_FUNCTION_EXISTS=pthread_create   -o CMakeFiles/cmTC_5fb6a.dir/CheckFunctionExists.c.o   -c /usr/share/cmake-3.10/Modules/CheckFunctionExists.c
Linking C executable cmTC_5fb6a
/usr/bin/cmake -E cmake_link_script CMakeFiles/cmTC_5fb6a.dir/link.txt --verbose=1
/usr/bin/cc  -DCHECK_FUNCTION_EXISTS=pthread_create    -rdynamic CMakeFiles/cmTC_5fb6a.dir/CheckFunctionExists.c.o  -o cmTC_5fb6a -lpthreads 
/usr/bin/ld: 找不到 -lpthreads
collect2: error: ld returned 1 exit status
CMakeFiles/cmTC_5fb6a.dir/build.make:97: recipe for target 'cmTC_5fb6a' failed
make[1]: *** [cmTC_5fb6a] Error 1
make[1]: 离开目录“/home/ygd/vsomeip/examples/service_client/build/CMakeFiles/CMakeTmp”
Makefile:126: recipe for target 'cmTC_5fb6a/fast' failed
make: *** [cmTC_5fb6a/fast] Error 2


