Determining if the pthread_create exist failed with the following output:
Change Dir: /home/ygd/vsomeip/examples/vsomeip_proto/src/CMakeFiles/CMakeTmp

Run Build Command:"/usr/bin/make" "cmTC_5a800/fast"
/usr/bin/make -f CMakeFiles/cmTC_5a800.dir/build.make CMakeFiles/cmTC_5a800.dir/build
make[1]: 进入目录“/home/ygd/vsomeip/examples/vsomeip_proto/src/CMakeFiles/CMakeTmp”
Building C object CMakeFiles/cmTC_5a800.dir/CheckSymbolExists.c.o
/usr/bin/cc    -o CMakeFiles/cmTC_5a800.dir/CheckSymbolExists.c.o   -c /home/ygd/vsomeip/examples/vsomeip_proto/src/CMakeFiles/CMakeTmp/CheckSymbolExists.c
Linking C executable cmTC_5a800
/usr/bin/cmake -E cmake_link_script CMakeFiles/cmTC_5a800.dir/link.txt --verbose=1
/usr/bin/cc      CMakeFiles/cmTC_5a800.dir/CheckSymbolExists.c.o  -o cmTC_5a800 
CMakeFiles/cmTC_5a800.dir/CheckSymbolExists.c.o：在函数‘main’中：
CheckSymbolExists.c:(.text+0x1b)：对‘pthread_create’未定义的引用
collect2: error: ld returned 1 exit status
CMakeFiles/cmTC_5a800.dir/build.make:97: recipe for target 'cmTC_5a800' failed
make[1]: *** [cmTC_5a800] Error 1
make[1]: 离开目录“/home/ygd/vsomeip/examples/vsomeip_proto/src/CMakeFiles/CMakeTmp”
Makefile:126: recipe for target 'cmTC_5a800/fast' failed
make: *** [cmTC_5a800/fast] Error 2

File /home/ygd/vsomeip/examples/vsomeip_proto/src/CMakeFiles/CMakeTmp/CheckSymbolExists.c:
/* */
#include <pthread.h>

int main(int argc, char** argv)
{
  (void)argv;
#ifndef pthread_create
  return ((int*)(&pthread_create))[argc];
#else
  (void)argc;
  return 0;
#endif
}

Determining if the function pthread_create exists in the pthreads failed with the following output:
Change Dir: /home/ygd/vsomeip/examples/vsomeip_proto/src/CMakeFiles/CMakeTmp

Run Build Command:"/usr/bin/make" "cmTC_f550e/fast"
/usr/bin/make -f CMakeFiles/cmTC_f550e.dir/build.make CMakeFiles/cmTC_f550e.dir/build
make[1]: 进入目录“/home/ygd/vsomeip/examples/vsomeip_proto/src/CMakeFiles/CMakeTmp”
Building C object CMakeFiles/cmTC_f550e.dir/CheckFunctionExists.c.o
/usr/bin/cc   -DCHECK_FUNCTION_EXISTS=pthread_create   -o CMakeFiles/cmTC_f550e.dir/CheckFunctionExists.c.o   -c /usr/share/cmake-3.10/Modules/CheckFunctionExists.c
Linking C executable cmTC_f550e
/usr/bin/cmake -E cmake_link_script CMakeFiles/cmTC_f550e.dir/link.txt --verbose=1
/usr/bin/cc  -DCHECK_FUNCTION_EXISTS=pthread_create    CMakeFiles/cmTC_f550e.dir/CheckFunctionExists.c.o  -o cmTC_f550e -lpthreads 
/usr/bin/ld: 找不到 -lpthreads
collect2: error: ld returned 1 exit status
CMakeFiles/cmTC_f550e.dir/build.make:97: recipe for target 'cmTC_f550e' failed
make[1]: *** [cmTC_f550e] Error 1
make[1]: 离开目录“/home/ygd/vsomeip/examples/vsomeip_proto/src/CMakeFiles/CMakeTmp”
Makefile:126: recipe for target 'cmTC_f550e/fast' failed
make: *** [cmTC_f550e/fast] Error 2


